<?xml version="1.0" encoding="UTF-8"?>
<!-- Generated by org.testng.reporters.JUnitReportReporter -->
<testsuite hostname="Toan-PC" name="vn.myclass.api.test.ListenGuidelineTest" tests="2" failures="0" timestamp="16 Jul 2018 23:21:25 GMT" time="4.494" errors="0">
  <testcase name="checkAPIfindByProperty" time="4.494" classname="vn.myclass.api.test.ListenGuidelineTest"/>
  <testcase name="checkFindByProperty" time="0.000" classname="vn.myclass.api.test.ListenGuidelineTest"/>
</testsuite> <!-- vn.myclass.api.test.ListenGuidelineTest -->
